<?xml version="1.0" encoding="UTF-8"?>
<!-- Generated by org.testng.reporters.JUnitReportReporter -->
<testsuite skipped="0" hostname="DESKTOP-987SG1D" name="com.wordpress.qa.testcases.SearchResultPageTest" tests="1" failures="0" timestamp="2020-07-19T11:28:51 IST" time="19.667" errors="0">
  <testcase name="productavaibilityTest" time="19.667" classname="com.wordpress.qa.testcases.SearchResultPageTest"/>
  <system-out/>
</testsuite> <!-- com.wordpress.qa.testcases.SearchResultPageTest -->
