<?xml version="1.0" encoding="UTF-8"?>
<!-- Generated by org.testng.reporters.JUnitReportReporter -->
<testsuite skipped="0" hostname="DESKTOP-987SG1D" name="com.amazon.qa.base.ExcelData" tests="1" failures="0" timestamp="2020-07-23T21:09:20 IST" time="12.197" errors="0">
  <testcase name="add" time="12.197" classname="com.amazon.qa.base.ExcelData"/>
  <system-out/>
</testsuite> <!-- com.amazon.qa.base.ExcelData -->
