<?xml version="1.0" encoding="UTF-8"?>
<!-- Generated by org.testng.reporters.JUnitReportReporter -->
<testsuite skipped="0" hostname="DESKTOP-987SG1D" name="com.wordpress.qa.testcases.OrderPageTest" tests="1" failures="0" timestamp="2020-07-19T11:28:51 IST" time="43.097" errors="0">
  <testcase name="veryfieTotalPrice" time="43.097" classname="com.wordpress.qa.testcases.OrderPageTest"/>
  <system-out/>
</testsuite> <!-- com.wordpress.qa.testcases.OrderPageTest -->
