<?xml version="1.0" encoding="UTF-8"?>
<!-- Generated by org.testng.reporters.JUnitReportReporter -->
<testsuite skipped="0" hostname="DESKTOP-987SG1D" name="com.wordpress.qa.testcases.IndexPageTest" tests="2" failures="0" timestamp="2020-07-19T11:28:51 IST" time="26.230" errors="0">
  <testcase name="verifilogo" time="13.681" classname="com.wordpress.qa.testcases.IndexPageTest"/>
  <system-out/>
  <testcase name="verifieTital" time="12.549" classname="com.wordpress.qa.testcases.IndexPageTest"/>
  <system-out/>
</testsuite> <!-- com.wordpress.qa.testcases.IndexPageTest -->
